<?xml version="1.0" encoding="UTF-8"?>
<testsuite xmlns:xsi="http://www.w3.org/2001/XMLSchema-instance" xsi:noNamespaceSchemaLocation="https://maven.apache.org/surefire/maven-surefire-plugin/xsd/surefire-test-report.xsd" version="3.0.2" name="es.cic.curso25.proy014.Proy014ApplicationTests" time="10.836" tests="1" errors="0" skipped="0" failures="0">
  <properties>
[...]
</properties>
  <testcase name="contextLoads" classname="es.cic.curso25.proy014.Proy014ApplicationTests" time="0.466">
    <system-out><![CDATA[13:59:02.637 [main] INFO org.springframework.test.context.support.AnnotationConfigContextLoaderUtils -- Could not detect default configuration classes for test class [es.cic.curso25.proy014.Proy014ApplicationTests]: Proy014ApplicationTests does not declare any static, non-private, non-final, nested classes annotated with @Configuration.
13:59:02.775 [main] INFO org.springframework.boot.test.context.SpringBootTestContextBootstrapper -- Found @SpringBootConfiguration es.cic.curso25.proy014.Proy014Application for test class es.cic.curso25.proy014.Proy014ApplicationTests
13:59:03.014 [main] INFO org.springframework.boot.devtools.restart.RestartApplicationListener -- Restart disabled due to context in which it is running

  .   ____          _            __ _ _
 /\\ / ___'_ __ _ _(_)_ __  __ _ \ \ \ \
( ( )\___ | '_ | '_| | '_ \/ _` | \ \ \ \
 \\/  ___)| |_)| | | | | || (_| |  ) ) ) )
  '  |____| .__|_| |_|_| |_\__, | / / / /
 =========|_|==============|___/=/_/_/_/

 :: Spring Boot ::                (v3.5.4)

2025-08-10T13:59:03.395-04:00  INFO 8624 --- [proy014] [           main] e.c.c.proy014.Proy014ApplicationTests    : Starting Proy014ApplicationTests using Java 17.0.15 with PID 8624 (started by j in /home/j/proyect/proy015)
2025-08-10T13:59:03.396-04:00  INFO 8624 --- [proy014] [           main] e.c.c.proy014.Proy014ApplicationTests    : No active profile set, falling back to 1 default profile: "default"
2025-08-10T13:59:04.680-04:00  INFO 8624 --- [proy014] [           main] .s.d.r.c.RepositoryConfigurationDelegate : Bootstrapping Spring Data JPA repositories in DEFAULT mode.
2025-08-10T13:59:04.812-04:00  INFO 8624 --- [proy014] [           main] .s.d.r.c.RepositoryConfigurationDelegate : Finished Spring Data repository scanning in 114 ms. Found 3 JPA repository interfaces.
2025-08-10T13:59:05.997-04:00  INFO 8624 --- [proy014] [           main] o.hibernate.jpa.internal.util.LogHelper  : HHH000204: Processing PersistenceUnitInfo [name: default]
2025-08-10T13:59:06.280-04:00  INFO 8624 --- [proy014] [           main] org.hibernate.Version                    : HHH000412: Hibernate ORM core version 6.6.22.Final
2025-08-10T13:59:06.415-04:00  INFO 8624 --- [proy014] [           main] o.h.c.internal.RegionFactoryInitiator    : HHH000026: Second-level cache disabled
2025-08-10T13:59:06.976-04:00  INFO 8624 --- [proy014] [           main] o.s.o.j.p.SpringPersistenceUnitInfo      : No LoadTimeWeaver setup: ignoring JPA class transformer
2025-08-10T13:59:07.024-04:00  INFO 8624 --- [proy014] [           main] com.zaxxer.hikari.HikariDataSource       : HikariPool-1 - Starting...
2025-08-10T13:59:07.334-04:00  INFO 8624 --- [proy014] [           main] com.zaxxer.hikari.pool.HikariPool        : HikariPool-1 - Added connection conn0: url=jdbc:h2:mem:testdb user=SA
2025-08-10T13:59:07.336-04:00  INFO 8624 --- [proy014] [           main] com.zaxxer.hikari.HikariDataSource       : HikariPool-1 - Start completed.
2025-08-10T13:59:07.390-04:00  WARN 8624 --- [proy014] [           main] org.hibernate.orm.deprecation            : HHH90000025: H2Dialect does not need to be specified explicitly using 'hibernate.dialect' (remove the property setting and it will be selected by default)
2025-08-10T13:59:07.428-04:00  INFO 8624 --- [proy014] [           main] org.hibernate.orm.connections.pooling    : HHH10001005: Database info:
	Database JDBC URL [Connecting through datasource 'HikariDataSource (HikariPool-1)']
	Database driver: undefined/unknown
	Database version: 2.3.232
	Autocommit mode: undefined/unknown
	Isolation level: undefined/unknown
	Minimum pool size: undefined/unknown
	Maximum pool size: undefined/unknown
2025-08-10T13:59:08.567-04:00  INFO 8624 --- [proy014] [           main] o.h.e.t.j.p.i.JtaPlatformInitiator       : HHH000489: No JTA platform available (set 'hibernate.transaction.jta.platform' to enable JTA platform integration)
2025-08-10T13:59:08.592-04:00 DEBUG 8624 --- [proy014] [           main] org.hibernate.SQL                        : 
    drop table if exists multa cascade 
Hibernate: 
    drop table if exists multa cascade 
2025-08-10T13:59:08.596-04:00 DEBUG 8624 --- [proy014] [           main] org.hibernate.SQL                        : 
    drop table if exists plaza cascade 
Hibernate: 
    drop table if exists plaza cascade 
2025-08-10T13:59:08.596-04:00 DEBUG 8624 --- [proy014] [           main] org.hibernate.SQL                        : 
    drop table if exists vehiculo cascade 
Hibernate: 
    drop table if exists vehiculo cascade 
2025-08-10T13:59:08.604-04:00 DEBUG 8624 --- [proy014] [           main] org.hibernate.SQL                        : 
    create table multa (
        esta_pagada boolean not null,
        fecha date,
        id bigint generated by default as identity,
        vehiculo_id bigint,
        version bigint,
        primary key (id)
    )
Hibernate: 
    create table multa (
        esta_pagada boolean not null,
        fecha date,
        id bigint generated by default as identity,
        vehiculo_id bigint,
        version bigint,
        primary key (id)
    )
2025-08-10T13:59:08.615-04:00 DEBUG 8624 --- [proy014] [           main] org.hibernate.SQL                        : 
    create table plaza (
        id bigint generated by default as identity,
        version bigint,
        primary key (id)
    )
Hibernate: 
    create table plaza (
        id bigint generated by default as identity,
        version bigint,
        primary key (id)
    )
2025-08-10T13:59:08.617-04:00 DEBUG 8624 --- [proy014] [           main] org.hibernate.SQL                        : 
    create table vehiculo (
        esta_archivado boolean not null,
        estacionado boolean not null,
        id bigint generated by default as identity,
        plaza_id bigint,
        version bigint,
        matricula varchar(255) not null,
        pais_matricula varchar(255) not null,
        tipo varchar(255),
        primary key (id)
    )
Hibernate: 
    create table vehiculo (
        esta_archivado boolean not null,
        estacionado boolean not null,
        id bigint generated by default as identity,
        plaza_id bigint,
        version bigint,
        matricula varchar(255) not null,
        pais_matricula varchar(255) not null,
        tipo varchar(255),
        primary key (id)
    )
2025-08-10T13:59:08.620-04:00 DEBUG 8624 --- [proy014] [           main] org.hibernate.SQL                        : 
    alter table if exists multa 
       add constraint FKblrqvyo1t6ru9v3rhfkdruuju 
       foreign key (vehiculo_id) 
       references vehiculo
Hibernate: 
    alter table if exists multa 
       add constraint FKblrqvyo1t6ru9v3rhfkdruuju 
       foreign key (vehiculo_id) 
       references vehiculo
2025-08-10T13:59:08.635-04:00 DEBUG 8624 --- [proy014] [           main] org.hibernate.SQL                        : 
    alter table if exists vehiculo 
       add constraint FKa1fe14qayrai849oqfeopn46q 
       foreign key (plaza_id) 
       references plaza
Hibernate: 
    alter table if exists vehiculo 
       add constraint FKa1fe14qayrai849oqfeopn46q 
       foreign key (plaza_id) 
       references plaza
2025-08-10T13:59:08.640-04:00  INFO 8624 --- [proy014] [           main] j.LocalContainerEntityManagerFactoryBean : Initialized JPA EntityManagerFactory for persistence unit 'default'
2025-08-10T13:59:09.208-04:00  INFO 8624 --- [proy014] [           main] o.s.d.j.r.query.QueryEnhancerFactory     : Hibernate is in classpath; If applicable, HQL parser will be used.
2025-08-10T13:59:10.128-04:00  WARN 8624 --- [proy014] [           main] JpaBaseConfiguration$JpaWebConfiguration : spring.jpa.open-in-view is enabled by default. Therefore, database queries may be performed during view rendering. Explicitly configure spring.jpa.open-in-view to disable this warning
2025-08-10T13:59:10.191-04:00  INFO 8624 --- [proy014] [           main] r$InitializeUserDetailsManagerConfigurer : Global AuthenticationManager configured with UserDetailsService bean with name UserDetailsService
2025-08-10T13:59:10.977-04:00  INFO 8624 --- [proy014] [           main] o.s.b.a.e.web.EndpointLinksResolver      : Exposing 1 endpoint beneath base path '/actuator'
2025-08-10T13:59:11.756-04:00  INFO 8624 --- [proy014] [           main] e.c.c.proy014.Proy014ApplicationTests    : Started Proy014ApplicationTests in 8.761 seconds (process running for 9.839)
2025-08-10T13:59:12.029-04:00 DEBUG 8624 --- [proy014] [           main] org.hibernate.SQL                        : 
    select
        p1_0.id,
        p1_0.version 
    from
        plaza p1_0
Hibernate: 
    select
        p1_0.id,
        p1_0.version 
    from
        plaza p1_0
2025-08-10T13:59:12.124-04:00 DEBUG 8624 --- [proy014] [           main] org.hibernate.SQL                        : 
    insert 
    into
        plaza
        (version, id) 
    values
        (?, default)
Hibernate: 
    insert 
    into
        plaza
        (version, id) 
    values
        (?, default)
2025-08-10T13:59:12.163-04:00 DEBUG 8624 --- [proy014] [           main] org.hibernate.SQL                        : 
    insert 
    into
        plaza
        (version, id) 
    values
        (?, default)
Hibernate: 
    insert 
    into
        plaza
        (version, id) 
    values
        (?, default)
2025-08-10T13:59:12.167-04:00 DEBUG 8624 --- [proy014] [           main] org.hibernate.SQL                        : 
    insert 
    into
        plaza
        (version, id) 
    values
        (?, default)
Hibernate: 
    insert 
    into
        plaza
        (version, id) 
    values
        (?, default)
2025-08-10T13:59:12.172-04:00 DEBUG 8624 --- [proy014] [           main] org.hibernate.SQL                        : 
    insert 
    into
        plaza
        (version, id) 
    values
        (?, default)
Hibernate: 
    insert 
    into
        plaza
        (version, id) 
    values
        (?, default)
2025-08-10T13:59:12.176-04:00 DEBUG 8624 --- [proy014] [           main] org.hibernate.SQL                        : 
    insert 
    into
        plaza
        (version, id) 
    values
        (?, default)
Hibernate: 
    insert 
    into
        plaza
        (version, id) 
    values
        (?, default)
2025-08-10T13:59:12.181-04:00 DEBUG 8624 --- [proy014] [           main] org.hibernate.SQL                        : 
    insert 
    into
        plaza
        (version, id) 
    values
        (?, default)
Hibernate: 
    insert 
    into
        plaza
        (version, id) 
    values
        (?, default)
2025-08-10T13:59:12.184-04:00 DEBUG 8624 --- [proy014] [           main] org.hibernate.SQL                        : 
    insert 
    into
        plaza
        (version, id) 
    values
        (?, default)
Hibernate: 
    insert 
    into
        plaza
        (version, id) 
    values
        (?, default)
2025-08-10T13:59:12.188-04:00 DEBUG 8624 --- [proy014] [           main] org.hibernate.SQL                        : 
    insert 
    into
        plaza
        (version, id) 
    values
        (?, default)
Hibernate: 
    insert 
    into
        plaza
        (version, id) 
    values
        (?, default)
2025-08-10T13:59:12.191-04:00 DEBUG 8624 --- [proy014] [           main] org.hibernate.SQL                        : 
    insert 
    into
        plaza
        (version, id) 
    values
        (?, default)
Hibernate: 
    insert 
    into
        plaza
        (version, id) 
    values
        (?, default)
2025-08-10T13:59:12.195-04:00 DEBUG 8624 --- [proy014] [           main] org.hibernate.SQL                        : 
    insert 
    into
        plaza
        (version, id) 
    values
        (?, default)
Hibernate: 
    insert 
    into
        plaza
        (version, id) 
    values
        (?, default)
2025-08-10T13:59:12.199-04:00 DEBUG 8624 --- [proy014] [           main] org.hibernate.SQL                        : 
    insert 
    into
        plaza
        (version, id) 
    values
        (?, default)
Hibernate: 
    insert 
    into
        plaza
        (version, id) 
    values
        (?, default)
2025-08-10T13:59:12.205-04:00 DEBUG 8624 --- [proy014] [           main] org.hibernate.SQL                        : 
    insert 
    into
        plaza
        (version, id) 
    values
        (?, default)
Hibernate: 
    insert 
    into
        plaza
        (version, id) 
    values
        (?, default)
2025-08-10T13:59:12.209-04:00 DEBUG 8624 --- [proy014] [           main] org.hibernate.SQL                        : 
    insert 
    into
        plaza
        (version, id) 
    values
        (?, default)
Hibernate: 
    insert 
    into
        plaza
        (version, id) 
    values
        (?, default)
2025-08-10T13:59:12.212-04:00 DEBUG 8624 --- [proy014] [           main] org.hibernate.SQL                        : 
    insert 
    into
        plaza
        (version, id) 
    values
        (?, default)
Hibernate: 
    insert 
    into
        plaza
        (version, id) 
    values
        (?, default)
2025-08-10T13:59:12.215-04:00 DEBUG 8624 --- [proy014] [           main] org.hibernate.SQL                        : 
    insert 
    into
        plaza
        (version, id) 
    values
        (?, default)
Hibernate: 
    insert 
    into
        plaza
        (version, id) 
    values
        (?, default)
2025-08-10T13:59:12.221-04:00 DEBUG 8624 --- [proy014] [           main] org.hibernate.SQL                        : 
    insert 
    into
        plaza
        (version, id) 
    values
        (?, default)
Hibernate: 
    insert 
    into
        plaza
        (version, id) 
    values
        (?, default)
2025-08-10T13:59:12.226-04:00 DEBUG 8624 --- [proy014] [           main] org.hibernate.SQL                        : 
    insert 
    into
        plaza
        (version, id) 
    values
        (?, default)
Hibernate: 
    insert 
    into
        plaza
        (version, id) 
    values
        (?, default)
2025-08-10T13:59:12.230-04:00 DEBUG 8624 --- [proy014] [           main] org.hibernate.SQL                        : 
    insert 
    into
        plaza
        (version, id) 
    values
        (?, default)
Hibernate: 
    insert 
    into
        plaza
        (version, id) 
    values
        (?, default)
2025-08-10T13:59:12.234-04:00 DEBUG 8624 --- [proy014] [           main] org.hibernate.SQL                        : 
    insert 
    into
        plaza
        (version, id) 
    values
        (?, default)
Hibernate: 
    insert 
    into
        plaza
        (version, id) 
    values
        (?, default)
2025-08-10T13:59:12.237-04:00 DEBUG 8624 --- [proy014] [           main] org.hibernate.SQL                        : 
    insert 
    into
        plaza
        (version, id) 
    values
        (?, default)
Hibernate: 
    insert 
    into
        plaza
        (version, id) 
    values
        (?, default)
2025-08-10T13:59:12.246-04:00 DEBUG 8624 --- [proy014] [           main] org.hibernate.SQL                        : 
    insert 
    into
        plaza
        (version, id) 
    values
        (?, default)
Hibernate: 
    insert 
    into
        plaza
        (version, id) 
    values
        (?, default)
2025-08-10T13:59:12.263-04:00 DEBUG 8624 --- [proy014] [           main] org.hibernate.SQL                        : 
    insert 
    into
        plaza
        (version, id) 
    values
        (?, default)
Hibernate: 
    insert 
    into
        plaza
        (version, id) 
    values
        (?, default)
2025-08-10T13:59:12.267-04:00 DEBUG 8624 --- [proy014] [           main] org.hibernate.SQL                        : 
    insert 
    into
        plaza
        (version, id) 
    values
        (?, default)
Hibernate: 
    insert 
    into
        plaza
        (version, id) 
    values
        (?, default)
2025-08-10T13:59:12.272-04:00 DEBUG 8624 --- [proy014] [           main] org.hibernate.SQL                        : 
    insert 
    into
        plaza
        (version, id) 
    values
        (?, default)
Hibernate: 
    insert 
    into
        plaza
        (version, id) 
    values
        (?, default)
2025-08-10T13:59:12.280-04:00 DEBUG 8624 --- [proy014] [           main] org.hibernate.SQL                        : 
    insert 
    into
        plaza
        (version, id) 
    values
        (?, default)
Hibernate: 
    insert 
    into
        plaza
        (version, id) 
    values
        (?, default)
2025-08-10T13:59:12.287-04:00 DEBUG 8624 --- [proy014] [           main] org.hibernate.SQL                        : 
    insert 
    into
        plaza
        (version, id) 
    values
        (?, default)
Hibernate: 
    insert 
    into
        plaza
        (version, id) 
    values
        (?, default)
2025-08-10T13:59:12.291-04:00 DEBUG 8624 --- [proy014] [           main] org.hibernate.SQL                        : 
    insert 
    into
        plaza
        (version, id) 
    values
        (?, default)
Hibernate: 
    insert 
    into
        plaza
        (version, id) 
    values
        (?, default)
2025-08-10T13:59:12.296-04:00 DEBUG 8624 --- [proy014] [           main] org.hibernate.SQL                        : 
    insert 
    into
        plaza
        (version, id) 
    values
        (?, default)
Hibernate: 
    insert 
    into
        plaza
        (version, id) 
    values
        (?, default)
2025-08-10T13:59:12.301-04:00 DEBUG 8624 --- [proy014] [           main] org.hibernate.SQL                        : 
    insert 
    into
        plaza
        (version, id) 
    values
        (?, default)
Hibernate: 
    insert 
    into
        plaza
        (version, id) 
    values
        (?, default)
2025-08-10T13:59:12.308-04:00 DEBUG 8624 --- [proy014] [           main] org.hibernate.SQL                        : 
    insert 
    into
        plaza
        (version, id) 
    values
        (?, default)
Hibernate: 
    insert 
    into
        plaza
        (version, id) 
    values
        (?, default)
2025-08-10T13:59:12.312-04:00 DEBUG 8624 --- [proy014] [           main] org.hibernate.SQL                        : 
    insert 
    into
        plaza
        (version, id) 
    values
        (?, default)
Hibernate: 
    insert 
    into
        plaza
        (version, id) 
    values
        (?, default)
2025-08-10T13:59:12.315-04:00 DEBUG 8624 --- [proy014] [           main] org.hibernate.SQL                        : 
    insert 
    into
        plaza
        (version, id) 
    values
        (?, default)
Hibernate: 
    insert 
    into
        plaza
        (version, id) 
    values
        (?, default)
2025-08-10T13:59:12.322-04:00 DEBUG 8624 --- [proy014] [           main] org.hibernate.SQL                        : 
    insert 
    into
        plaza
        (version, id) 
    values
        (?, default)
Hibernate: 
    insert 
    into
        plaza
        (version, id) 
    values
        (?, default)
2025-08-10T13:59:12.326-04:00 DEBUG 8624 --- [proy014] [           main] org.hibernate.SQL                        : 
    insert 
    into
        plaza
        (version, id) 
    values
        (?, default)
Hibernate: 
    insert 
    into
        plaza
        (version, id) 
    values
        (?, default)
2025-08-10T13:59:12.329-04:00 DEBUG 8624 --- [proy014] [           main] org.hibernate.SQL                        : 
    insert 
    into
        plaza
        (version, id) 
    values
        (?, default)
Hibernate: 
    insert 
    into
        plaza
        (version, id) 
    values
        (?, default)
2025-08-10T13:59:12.332-04:00 DEBUG 8624 --- [proy014] [           main] org.hibernate.SQL                        : 
    insert 
    into
        plaza
        (version, id) 
    values
        (?, default)
Hibernate: 
    insert 
    into
        plaza
        (version, id) 
    values
        (?, default)
2025-08-10T13:59:12.338-04:00 DEBUG 8624 --- [proy014] [           main] org.hibernate.SQL                        : 
    insert 
    into
        plaza
        (version, id) 
    values
        (?, default)
Hibernate: 
    insert 
    into
        plaza
        (version, id) 
    values
        (?, default)
2025-08-10T13:59:12.345-04:00 DEBUG 8624 --- [proy014] [           main] org.hibernate.SQL                        : 
    insert 
    into
        plaza
        (version, id) 
    values
        (?, default)
Hibernate: 
    insert 
    into
        plaza
        (version, id) 
    values
        (?, default)
2025-08-10T13:59:12.360-04:00 DEBUG 8624 --- [proy014] [           main] org.hibernate.SQL                        : 
    insert 
    into
        plaza
        (version, id) 
    values
        (?, default)
Hibernate: 
    insert 
    into
        plaza
        (version, id) 
    values
        (?, default)
2025-08-10T13:59:12.365-04:00 DEBUG 8624 --- [proy014] [           main] org.hibernate.SQL                        : 
    insert 
    into
        plaza
        (version, id) 
    values
        (?, default)
Hibernate: 
    insert 
    into
        plaza
        (version, id) 
    values
        (?, default)
2025-08-10T13:59:12.369-04:00 DEBUG 8624 --- [proy014] [           main] org.hibernate.SQL                        : 
    insert 
    into
        plaza
        (version, id) 
    values
        (?, default)
Hibernate: 
    insert 
    into
        plaza
        (version, id) 
    values
        (?, default)
2025-08-10T13:59:12.373-04:00 DEBUG 8624 --- [proy014] [           main] org.hibernate.SQL                        : 
    insert 
    into
        plaza
        (version, id) 
    values
        (?, default)
Hibernate: 
    insert 
    into
        plaza
        (version, id) 
    values
        (?, default)
2025-08-10T13:59:12.377-04:00 DEBUG 8624 --- [proy014] [           main] org.hibernate.SQL                        : 
    insert 
    into
        plaza
        (version, id) 
    values
        (?, default)
Hibernate: 
    insert 
    into
        plaza
        (version, id) 
    values
        (?, default)
2025-08-10T13:59:12.380-04:00 DEBUG 8624 --- [proy014] [           main] org.hibernate.SQL                        : 
    insert 
    into
        plaza
        (version, id) 
    values
        (?, default)
Hibernate: 
    insert 
    into
        plaza
        (version, id) 
    values
        (?, default)
2025-08-10T13:59:12.383-04:00 DEBUG 8624 --- [proy014] [           main] org.hibernate.SQL                        : 
    insert 
    into
        plaza
        (version, id) 
    values
        (?, default)
Hibernate: 
    insert 
    into
        plaza
        (version, id) 
    values
        (?, default)
2025-08-10T13:59:12.387-04:00 DEBUG 8624 --- [proy014] [           main] org.hibernate.SQL                        : 
    insert 
    into
        plaza
        (version, id) 
    values
        (?, default)
Hibernate: 
    insert 
    into
        plaza
        (version, id) 
    values
        (?, default)
2025-08-10T13:59:12.391-04:00 DEBUG 8624 --- [proy014] [           main] org.hibernate.SQL                        : 
    insert 
    into
        plaza
        (version, id) 
    values
        (?, default)
Hibernate: 
    insert 
    into
        plaza
        (version, id) 
    values
        (?, default)
2025-08-10T13:59:12.394-04:00 DEBUG 8624 --- [proy014] [           main] org.hibernate.SQL                        : 
    insert 
    into
        plaza
        (version, id) 
    values
        (?, default)
Hibernate: 
    insert 
    into
        plaza
        (version, id) 
    values
        (?, default)
2025-08-10T13:59:12.397-04:00 DEBUG 8624 --- [proy014] [           main] org.hibernate.SQL                        : 
    insert 
    into
        plaza
        (version, id) 
    values
        (?, default)
Hibernate: 
    insert 
    into
        plaza
        (version, id) 
    values
        (?, default)
2025-08-10T13:59:12.403-04:00 DEBUG 8624 --- [proy014] [           main] org.hibernate.SQL                        : 
    insert 
    into
        plaza
        (version, id) 
    values
        (?, default)
Hibernate: 
    insert 
    into
        plaza
        (version, id) 
    values
        (?, default)
2025-08-10T13:59:12.406-04:00 DEBUG 8624 --- [proy014] [           main] org.hibernate.SQL                        : 
    insert 
    into
        plaza
        (version, id) 
    values
        (?, default)
Hibernate: 
    insert 
    into
        plaza
        (version, id) 
    values
        (?, default)
2025-08-10T13:59:12.409-04:00 DEBUG 8624 --- [proy014] [           main] org.hibernate.SQL                        : 
    insert 
    into
        plaza
        (version, id) 
    values
        (?, default)
Hibernate: 
    insert 
    into
        plaza
        (version, id) 
    values
        (?, default)
2025-08-10T13:59:12.412-04:00 DEBUG 8624 --- [proy014] [           main] org.hibernate.SQL                        : 
    insert 
    into
        plaza
        (version, id) 
    values
        (?, default)
Hibernate: 
    insert 
    into
        plaza
        (version, id) 
    values
        (?, default)
2025-08-10T13:59:12.415-04:00 DEBUG 8624 --- [proy014] [           main] org.hibernate.SQL                        : 
    insert 
    into
        plaza
        (version, id) 
    values
        (?, default)
Hibernate: 
    insert 
    into
        plaza
        (version, id) 
    values
        (?, default)
2025-08-10T13:59:12.418-04:00 DEBUG 8624 --- [proy014] [           main] org.hibernate.SQL                        : 
    insert 
    into
        plaza
        (version, id) 
    values
        (?, default)
Hibernate: 
    insert 
    into
        plaza
        (version, id) 
    values
        (?, default)
2025-08-10T13:59:12.422-04:00 DEBUG 8624 --- [proy014] [           main] org.hibernate.SQL                        : 
    insert 
    into
        plaza
        (version, id) 
    values
        (?, default)
Hibernate: 
    insert 
    into
        plaza
        (version, id) 
    values
        (?, default)
2025-08-10T13:59:12.426-04:00 DEBUG 8624 --- [proy014] [           main] org.hibernate.SQL                        : 
    insert 
    into
        plaza
        (version, id) 
    values
        (?, default)
Hibernate: 
    insert 
    into
        plaza
        (version, id) 
    values
        (?, default)
2025-08-10T13:59:12.430-04:00 DEBUG 8624 --- [proy014] [           main] org.hibernate.SQL                        : 
    insert 
    into
        plaza
        (version, id) 
    values
        (?, default)
Hibernate: 
    insert 
    into
        plaza
        (version, id) 
    values
        (?, default)
2025-08-10T13:59:12.435-04:00 DEBUG 8624 --- [proy014] [           main] org.hibernate.SQL                        : 
    insert 
    into
        plaza
        (version, id) 
    values
        (?, default)
Hibernate: 
    insert 
    into
        plaza
        (version, id) 
    values
        (?, default)
2025-08-10T13:59:12.439-04:00 DEBUG 8624 --- [proy014] [           main] org.hibernate.SQL                        : 
    insert 
    into
        plaza
        (version, id) 
    values
        (?, default)
Hibernate: 
    insert 
    into
        plaza
        (version, id) 
    values
        (?, default)
2025-08-10T13:59:12.443-04:00 DEBUG 8624 --- [proy014] [           main] org.hibernate.SQL                        : 
    insert 
    into
        plaza
        (version, id) 
    values
        (?, default)
Hibernate: 
    insert 
    into
        plaza
        (version, id) 
    values
        (?, default)
2025-08-10T13:59:12.447-04:00 DEBUG 8624 --- [proy014] [           main] org.hibernate.SQL                        : 
    insert 
    into
        plaza
        (version, id) 
    values
        (?, default)
Hibernate: 
    insert 
    into
        plaza
        (version, id) 
    values
        (?, default)
2025-08-10T13:59:12.451-04:00 DEBUG 8624 --- [proy014] [           main] org.hibernate.SQL                        : 
    insert 
    into
        plaza
        (version, id) 
    values
        (?, default)
Hibernate: 
    insert 
    into
        plaza
        (version, id) 
    values
        (?, default)
2025-08-10T13:59:12.456-04:00 DEBUG 8624 --- [proy014] [           main] org.hibernate.SQL                        : 
    insert 
    into
        plaza
        (version, id) 
    values
        (?, default)
Hibernate: 
    insert 
    into
        plaza
        (version, id) 
    values
        (?, default)
2025-08-10T13:59:12.459-04:00 DEBUG 8624 --- [proy014] [           main] org.hibernate.SQL                        : 
    insert 
    into
        plaza
        (version, id) 
    values
        (?, default)
Hibernate: 
    insert 
    into
        plaza
        (version, id) 
    values
        (?, default)
2025-08-10T13:59:12.462-04:00 DEBUG 8624 --- [proy014] [           main] org.hibernate.SQL                        : 
    insert 
    into
        plaza
        (version, id) 
    values
        (?, default)
Hibernate: 
    insert 
    into
        plaza
        (version, id) 
    values
        (?, default)
2025-08-10T13:59:12.465-04:00 DEBUG 8624 --- [proy014] [           main] org.hibernate.SQL                        : 
    insert 
    into
        plaza
        (version, id) 
    values
        (?, default)
Hibernate: 
    insert 
    into
        plaza
        (version, id) 
    values
        (?, default)
2025-08-10T13:59:12.470-04:00 DEBUG 8624 --- [proy014] [           main] org.hibernate.SQL                        : 
    insert 
    into
        plaza
        (version, id) 
    values
        (?, default)
Hibernate: 
    insert 
    into
        plaza
        (version, id) 
    values
        (?, default)
2025-08-10T13:59:12.476-04:00 DEBUG 8624 --- [proy014] [           main] org.hibernate.SQL                        : 
    insert 
    into
        plaza
        (version, id) 
    values
        (?, default)
Hibernate: 
    insert 
    into
        plaza
        (version, id) 
    values
        (?, default)
2025-08-10T13:59:12.481-04:00 DEBUG 8624 --- [proy014] [           main] org.hibernate.SQL                        : 
    insert 
    into
        plaza
        (version, id) 
    values
        (?, default)
Hibernate: 
    insert 
    into
        plaza
        (version, id) 
    values
        (?, default)
2025-08-10T13:59:12.485-04:00 DEBUG 8624 --- [proy014] [           main] org.hibernate.SQL                        : 
    insert 
    into
        plaza
        (version, id) 
    values
        (?, default)
Hibernate: 
    insert 
    into
        plaza
        (version, id) 
    values
        (?, default)
2025-08-10T13:59:12.489-04:00 DEBUG 8624 --- [proy014] [           main] org.hibernate.SQL                        : 
    insert 
    into
        plaza
        (version, id) 
    values
        (?, default)
Hibernate: 
    insert 
    into
        plaza
        (version, id) 
    values
        (?, default)
2025-08-10T13:59:12.493-04:00 DEBUG 8624 --- [proy014] [           main] org.hibernate.SQL                        : 
    insert 
    into
        plaza
        (version, id) 
    values
        (?, default)
Hibernate: 
    insert 
    into
        plaza
        (version, id) 
    values
        (?, default)
2025-08-10T13:59:12.496-04:00 DEBUG 8624 --- [proy014] [           main] org.hibernate.SQL                        : 
    insert 
    into
        plaza
        (version, id) 
    values
        (?, default)
Hibernate: 
    insert 
    into
        plaza
        (version, id) 
    values
        (?, default)
2025-08-10T13:59:12.505-04:00 DEBUG 8624 --- [proy014] [           main] org.hibernate.SQL                        : 
    insert 
    into
        plaza
        (version, id) 
    values
        (?, default)
Hibernate: 
    insert 
    into
        plaza
        (version, id) 
    values
        (?, default)
2025-08-10T13:59:12.512-04:00 DEBUG 8624 --- [proy014] [           main] org.hibernate.SQL                        : 
    insert 
    into
        plaza
        (version, id) 
    values
        (?, default)
Hibernate: 
    insert 
    into
        plaza
        (version, id) 
    values
        (?, default)
2025-08-10T13:59:12.515-04:00 DEBUG 8624 --- [proy014] [           main] org.hibernate.SQL                        : 
    insert 
    into
        plaza
        (version, id) 
    values
        (?, default)
Hibernate: 
    insert 
    into
        plaza
        (version, id) 
    values
        (?, default)
2025-08-10T13:59:12.521-04:00 DEBUG 8624 --- [proy014] [           main] org.hibernate.SQL                        : 
    insert 
    into
        plaza
        (version, id) 
    values
        (?, default)
Hibernate: 
    insert 
    into
        plaza
        (version, id) 
    values
        (?, default)
2025-08-10T13:59:12.526-04:00 DEBUG 8624 --- [proy014] [           main] org.hibernate.SQL                        : 
    insert 
    into
        plaza
        (version, id) 
    values
        (?, default)
Hibernate: 
    insert 
    into
        plaza
        (version, id) 
    values
        (?, default)
2025-08-10T13:59:12.530-04:00 DEBUG 8624 --- [proy014] [           main] org.hibernate.SQL                        : 
    insert 
    into
        plaza
        (version, id) 
    values
        (?, default)
Hibernate: 
    insert 
    into
        plaza
        (version, id) 
    values
        (?, default)
2025-08-10T13:59:12.535-04:00 DEBUG 8624 --- [proy014] [           main] org.hibernate.SQL                        : 
    insert 
    into
        plaza
        (version, id) 
    values
        (?, default)
Hibernate: 
    insert 
    into
        plaza
        (version, id) 
    values
        (?, default)
2025-08-10T13:59:12.539-04:00 DEBUG 8624 --- [proy014] [           main] org.hibernate.SQL                        : 
    insert 
    into
        plaza
        (version, id) 
    values
        (?, default)
Hibernate: 
    insert 
    into
        plaza
        (version, id) 
    values
        (?, default)
2025-08-10T13:59:12.544-04:00 DEBUG 8624 --- [proy014] [           main] org.hibernate.SQL                        : 
    insert 
    into
        plaza
        (version, id) 
    values
        (?, default)
Hibernate: 
    insert 
    into
        plaza
        (version, id) 
    values
        (?, default)
2025-08-10T13:59:12.547-04:00 DEBUG 8624 --- [proy014] [           main] org.hibernate.SQL                        : 
    insert 
    into
        plaza
        (version, id) 
    values
        (?, default)
Hibernate: 
    insert 
    into
        plaza
        (version, id) 
    values
        (?, default)
2025-08-10T13:59:12.551-04:00 DEBUG 8624 --- [proy014] [           main] org.hibernate.SQL                        : 
    insert 
    into
        plaza
        (version, id) 
    values
        (?, default)
Hibernate: 
    insert 
    into
        plaza
        (version, id) 
    values
        (?, default)
2025-08-10T13:59:12.554-04:00 DEBUG 8624 --- [proy014] [           main] org.hibernate.SQL                        : 
    insert 
    into
        plaza
        (version, id) 
    values
        (?, default)
Hibernate: 
    insert 
    into
        plaza
        (version, id) 
    values
        (?, default)
2025-08-10T13:59:12.558-04:00 DEBUG 8624 --- [proy014] [           main] org.hibernate.SQL                        : 
    insert 
    into
        plaza
        (version, id) 
    values
        (?, default)
Hibernate: 
    insert 
    into
        plaza
        (version, id) 
    values
        (?, default)
2025-08-10T13:59:12.560-04:00 DEBUG 8624 --- [proy014] [           main] org.hibernate.SQL                        : 
    insert 
    into
        plaza
        (version, id) 
    values
        (?, default)
Hibernate: 
    insert 
    into
        plaza
        (version, id) 
    values
        (?, default)
2025-08-10T13:59:12.562-04:00 DEBUG 8624 --- [proy014] [           main] org.hibernate.SQL                        : 
    insert 
    into
        plaza
        (version, id) 
    values
        (?, default)
Hibernate: 
    insert 
    into
        plaza
        (version, id) 
    values
        (?, default)
2025-08-10T13:59:12.574-04:00 DEBUG 8624 --- [proy014] [           main] org.hibernate.SQL                        : 
    insert 
    into
        plaza
        (version, id) 
    values
        (?, default)
Hibernate: 
    insert 
    into
        plaza
        (version, id) 
    values
        (?, default)
2025-08-10T13:59:12.578-04:00 DEBUG 8624 --- [proy014] [           main] org.hibernate.SQL                        : 
    insert 
    into
        plaza
        (version, id) 
    values
        (?, default)
Hibernate: 
    insert 
    into
        plaza
        (version, id) 
    values
        (?, default)
2025-08-10T13:59:12.581-04:00 DEBUG 8624 --- [proy014] [           main] org.hibernate.SQL                        : 
    insert 
    into
        plaza
        (version, id) 
    values
        (?, default)
Hibernate: 
    insert 
    into
        plaza
        (version, id) 
    values
        (?, default)
2025-08-10T13:59:12.586-04:00 DEBUG 8624 --- [proy014] [           main] org.hibernate.SQL                        : 
    insert 
    into
        plaza
        (version, id) 
    values
        (?, default)
Hibernate: 
    insert 
    into
        plaza
        (version, id) 
    values
        (?, default)
2025-08-10T13:59:12.589-04:00 DEBUG 8624 --- [proy014] [           main] org.hibernate.SQL                        : 
    insert 
    into
        plaza
        (version, id) 
    values
        (?, default)
Hibernate: 
    insert 
    into
        plaza
        (version, id) 
    values
        (?, default)
2025-08-10T13:59:12.601-04:00 DEBUG 8624 --- [proy014] [           main] org.hibernate.SQL                        : 
    insert 
    into
        plaza
        (version, id) 
    values
        (?, default)
Hibernate: 
    insert 
    into
        plaza
        (version, id) 
    values
        (?, default)
2025-08-10T13:59:12.605-04:00 DEBUG 8624 --- [proy014] [           main] org.hibernate.SQL                        : 
    insert 
    into
        plaza
        (version, id) 
    values
        (?, default)
Hibernate: 
    insert 
    into
        plaza
        (version, id) 
    values
        (?, default)
2025-08-10T13:59:12.610-04:00 DEBUG 8624 --- [proy014] [           main] org.hibernate.SQL                        : 
    insert 
    into
        plaza
        (version, id) 
    values
        (?, default)
Hibernate: 
    insert 
    into
        plaza
        (version, id) 
    values
        (?, default)
2025-08-10T13:59:12.614-04:00 DEBUG 8624 --- [proy014] [           main] org.hibernate.SQL                        : 
    insert 
    into
        plaza
        (version, id) 
    values
        (?, default)
Hibernate: 
    insert 
    into
        plaza
        (version, id) 
    values
        (?, default)
2025-08-10T13:59:12.618-04:00 DEBUG 8624 --- [proy014] [           main] org.hibernate.SQL                        : 
    insert 
    into
        plaza
        (version, id) 
    values
        (?, default)
Hibernate: 
    insert 
    into
        plaza
        (version, id) 
    values
        (?, default)
2025-08-10T13:59:12.622-04:00 DEBUG 8624 --- [proy014] [           main] org.hibernate.SQL                        : 
    insert 
    into
        plaza
        (version, id) 
    values
        (?, default)
Hibernate: 
    insert 
    into
        plaza
        (version, id) 
    values
        (?, default)
2025-08-10T13:59:12.625-04:00 DEBUG 8624 --- [proy014] [           main] org.hibernate.SQL                        : 
    insert 
    into
        plaza
        (version, id) 
    values
        (?, default)
Hibernate: 
    insert 
    into
        plaza
        (version, id) 
    values
        (?, default)
2025-08-10T13:59:12.628-04:00 DEBUG 8624 --- [proy014] [           main] org.hibernate.SQL                        : 
    insert 
    into
        plaza
        (version, id) 
    values
        (?, default)
Hibernate: 
    insert 
    into
        plaza
        (version, id) 
    values
        (?, default)
2025-08-10T13:59:12.631-04:00 DEBUG 8624 --- [proy014] [           main] org.hibernate.SQL                        : 
    insert 
    into
        plaza
        (version, id) 
    values
        (?, default)
Hibernate: 
    insert 
    into
        plaza
        (version, id) 
    values
        (?, default)
2025-08-10T13:59:12.634-04:00 DEBUG 8624 --- [proy014] [           main] org.hibernate.SQL                        : 
    insert 
    into
        plaza
        (version, id) 
    values
        (?, default)
Hibernate: 
    insert 
    into
        plaza
        (version, id) 
    values
        (?, default)
2025-08-10T13:59:12.638-04:00 DEBUG 8624 --- [proy014] [           main] org.hibernate.SQL                        : 
    insert 
    into
        plaza
        (version, id) 
    values
        (?, default)
Hibernate: 
    insert 
    into
        plaza
        (version, id) 
    values
        (?, default)
2025-08-10T13:59:12.641-04:00 DEBUG 8624 --- [proy014] [           main] org.hibernate.SQL                        : 
    insert 
    into
        plaza
        (version, id) 
    values
        (?, default)
Hibernate: 
    insert 
    into
        plaza
        (version, id) 
    values
        (?, default)
2025-08-10T13:59:12.654-04:00 DEBUG 8624 --- [proy014] [           main] org.hibernate.SQL                        : 
    insert 
    into
        plaza
        (version, id) 
    values
        (?, default)
Hibernate: 
    insert 
    into
        plaza
        (version, id) 
    values
        (?, default)
2025-08-10T13:59:12.660-04:00 DEBUG 8624 --- [proy014] [           main] org.hibernate.SQL                        : 
    insert 
    into
        plaza
        (version, id) 
    values
        (?, default)
Hibernate: 
    insert 
    into
        plaza
        (version, id) 
    values
        (?, default)
2025-08-10T13:59:12.665-04:00 DEBUG 8624 --- [proy014] [           main] org.hibernate.SQL                        : 
    insert 
    into
        plaza
        (version, id) 
    values
        (?, default)
Hibernate: 
    insert 
    into
        plaza
        (version, id) 
    values
        (?, default)
2025-08-10T13:59:12.670-04:00 DEBUG 8624 --- [proy014] [           main] org.hibernate.SQL                        : 
    insert 
    into
        plaza
        (version, id) 
    values
        (?, default)
Hibernate: 
    insert 
    into
        plaza
        (version, id) 
    values
        (?, default)
2025-08-10T13:59:12.674-04:00 DEBUG 8624 --- [proy014] [           main] org.hibernate.SQL                        : 
    insert 
    into
        plaza
        (version, id) 
    values
        (?, default)
Hibernate: 
    insert 
    into
        plaza
        (version, id) 
    values
        (?, default)
2025-08-10T13:59:12.677-04:00 DEBUG 8624 --- [proy014] [           main] org.hibernate.SQL                        : 
    insert 
    into
        plaza
        (version, id) 
    values
        (?, default)
Hibernate: 
    insert 
    into
        plaza
        (version, id) 
    values
        (?, default)
2025-08-10T13:59:12.680-04:00 DEBUG 8624 --- [proy014] [           main] org.hibernate.SQL                        : 
    insert 
    into
        plaza
        (version, id) 
    values
        (?, default)
Hibernate: 
    insert 
    into
        plaza
        (version, id) 
    values
        (?, default)
2025-08-10T13:59:12.688-04:00 DEBUG 8624 --- [proy014] [           main] org.hibernate.SQL                        : 
    insert 
    into
        plaza
        (version, id) 
    values
        (?, default)
Hibernate: 
    insert 
    into
        plaza
        (version, id) 
    values
        (?, default)
2025-08-10T13:59:12.693-04:00 DEBUG 8624 --- [proy014] [           main] org.hibernate.SQL                        : 
    insert 
    into
        plaza
        (version, id) 
    values
        (?, default)
Hibernate: 
    insert 
    into
        plaza
        (version, id) 
    values
        (?, default)
2025-08-10T13:59:12.696-04:00 DEBUG 8624 --- [proy014] [           main] org.hibernate.SQL                        : 
    insert 
    into
        plaza
        (version, id) 
    values
        (?, default)
Hibernate: 
    insert 
    into
        plaza
        (version, id) 
    values
        (?, default)
2025-08-10T13:59:12.700-04:00 DEBUG 8624 --- [proy014] [           main] org.hibernate.SQL                        : 
    insert 
    into
        plaza
        (version, id) 
    values
        (?, default)
Hibernate: 
    insert 
    into
        plaza
        (version, id) 
    values
        (?, default)
2025-08-10T13:59:12.703-04:00 DEBUG 8624 --- [proy014] [           main] org.hibernate.SQL                        : 
    insert 
    into
        plaza
        (version, id) 
    values
        (?, default)
Hibernate: 
    insert 
    into
        plaza
        (version, id) 
    values
        (?, default)
2025-08-10T13:59:12.706-04:00 DEBUG 8624 --- [proy014] [           main] org.hibernate.SQL                        : 
    insert 
    into
        plaza
        (version, id) 
    values
        (?, default)
Hibernate: 
    insert 
    into
        plaza
        (version, id) 
    values
        (?, default)
2025-08-10T13:59:12.709-04:00 DEBUG 8624 --- [proy014] [           main] org.hibernate.SQL                        : 
    insert 
    into
        plaza
        (version, id) 
    values
        (?, default)
Hibernate: 
    insert 
    into
        plaza
        (version, id) 
    values
        (?, default)
2025-08-10T13:59:12.712-04:00 DEBUG 8624 --- [proy014] [           main] org.hibernate.SQL                        : 
    insert 
    into
        plaza
        (version, id) 
    values
        (?, default)
Hibernate: 
    insert 
    into
        plaza
        (version, id) 
    values
        (?, default)
2025-08-10T13:59:12.715-04:00 DEBUG 8624 --- [proy014] [           main] org.hibernate.SQL                        : 
    insert 
    into
        plaza
        (version, id) 
    values
        (?, default)
Hibernate: 
    insert 
    into
        plaza
        (version, id) 
    values
        (?, default)
2025-08-10T13:59:12.718-04:00 DEBUG 8624 --- [proy014] [           main] org.hibernate.SQL                        : 
    insert 
    into
        plaza
        (version, id) 
    values
        (?, default)
Hibernate: 
    insert 
    into
        plaza
        (version, id) 
    values
        (?, default)
2025-08-10T13:59:12.722-04:00 DEBUG 8624 --- [proy014] [           main] org.hibernate.SQL                        : 
    insert 
    into
        plaza
        (version, id) 
    values
        (?, default)
Hibernate: 
    insert 
    into
        plaza
        (version, id) 
    values
        (?, default)
2025-08-10T13:59:12.726-04:00 DEBUG 8624 --- [proy014] [           main] org.hibernate.SQL                        : 
    insert 
    into
        plaza
        (version, id) 
    values
        (?, default)
Hibernate: 
    insert 
    into
        plaza
        (version, id) 
    values
        (?, default)
2025-08-10T13:59:12.730-04:00 DEBUG 8624 --- [proy014] [           main] org.hibernate.SQL                        : 
    insert 
    into
        plaza
        (version, id) 
    values
        (?, default)
Hibernate: 
    insert 
    into
        plaza
        (version, id) 
    values
        (?, default)
2025-08-10T13:59:12.734-04:00 DEBUG 8624 --- [proy014] [           main] org.hibernate.SQL                        : 
    insert 
    into
        plaza
        (version, id) 
    values
        (?, default)
Hibernate: 
    insert 
    into
        plaza
        (version, id) 
    values
        (?, default)
2025-08-10T13:59:12.738-04:00 DEBUG 8624 --- [proy014] [           main] org.hibernate.SQL                        : 
    insert 
    into
        plaza
        (version, id) 
    values
        (?, default)
Hibernate: 
    insert 
    into
        plaza
        (version, id) 
    values
        (?, default)
2025-08-10T13:59:12.744-04:00 DEBUG 8624 --- [proy014] [           main] org.hibernate.SQL                        : 
    insert 
    into
        plaza
        (version, id) 
    values
        (?, default)
Hibernate: 
    insert 
    into
        plaza
        (version, id) 
    values
        (?, default)
2025-08-10T13:59:12.747-04:00 DEBUG 8624 --- [proy014] [           main] org.hibernate.SQL                        : 
    insert 
    into
        plaza
        (version, id) 
    values
        (?, default)
Hibernate: 
    insert 
    into
        plaza
        (version, id) 
    values
        (?, default)
2025-08-10T13:59:12.750-04:00 DEBUG 8624 --- [proy014] [           main] org.hibernate.SQL                        : 
    insert 
    into
        plaza
        (version, id) 
    values
        (?, default)
Hibernate: 
    insert 
    into
        plaza
        (version, id) 
    values
        (?, default)
2025-08-10T13:59:12.753-04:00 DEBUG 8624 --- [proy014] [           main] org.hibernate.SQL                        : 
    insert 
    into
        plaza
        (version, id) 
    values
        (?, default)
Hibernate: 
    insert 
    into
        plaza
        (version, id) 
    values
        (?, default)
2025-08-10T13:59:12.756-04:00 DEBUG 8624 --- [proy014] [           main] org.hibernate.SQL                        : 
    insert 
    into
        plaza
        (version, id) 
    values
        (?, default)
Hibernate: 
    insert 
    into
        plaza
        (version, id) 
    values
        (?, default)
2025-08-10T13:59:12.760-04:00 DEBUG 8624 --- [proy014] [           main] org.hibernate.SQL                        : 
    insert 
    into
        plaza
        (version, id) 
    values
        (?, default)
Hibernate: 
    insert 
    into
        plaza
        (version, id) 
    values
        (?, default)
2025-08-10T13:59:12.763-04:00 DEBUG 8624 --- [proy014] [           main] org.hibernate.SQL                        : 
    insert 
    into
        plaza
        (version, id) 
    values
        (?, default)
Hibernate: 
    insert 
    into
        plaza
        (version, id) 
    values
        (?, default)
2025-08-10T13:59:12.765-04:00 DEBUG 8624 --- [proy014] [           main] org.hibernate.SQL                        : 
    insert 
    into
        plaza
        (version, id) 
    values
        (?, default)
Hibernate: 
    insert 
    into
        plaza
        (version, id) 
    values
        (?, default)
2025-08-10T13:59:12.769-04:00 DEBUG 8624 --- [proy014] [           main] org.hibernate.SQL                        : 
    insert 
    into
        plaza
        (version, id) 
    values
        (?, default)
Hibernate: 
    insert 
    into
        plaza
        (version, id) 
    values
        (?, default)
2025-08-10T13:59:12.772-04:00 DEBUG 8624 --- [proy014] [           main] org.hibernate.SQL                        : 
    insert 
    into
        plaza
        (version, id) 
    values
        (?, default)
Hibernate: 
    insert 
    into
        plaza
        (version, id) 
    values
        (?, default)
2025-08-10T13:59:12.775-04:00 DEBUG 8624 --- [proy014] [           main] org.hibernate.SQL                        : 
    insert 
    into
        plaza
        (version, id) 
    values
        (?, default)
Hibernate: 
    insert 
    into
        plaza
        (version, id) 
    values
        (?, default)
2025-08-10T13:59:12.777-04:00 DEBUG 8624 --- [proy014] [           main] org.hibernate.SQL                        : 
    insert 
    into
        plaza
        (version, id) 
    values
        (?, default)
Hibernate: 
    insert 
    into
        plaza
        (version, id) 
    values
        (?, default)
2025-08-10T13:59:12.779-04:00 DEBUG 8624 --- [proy014] [           main] org.hibernate.SQL                        : 
    insert 
    into
        plaza
        (version, id) 
    values
        (?, default)
Hibernate: 
    insert 
    into
        plaza
        (version, id) 
    values
        (?, default)
2025-08-10T13:59:12.781-04:00 DEBUG 8624 --- [proy014] [           main] org.hibernate.SQL                        : 
    insert 
    into
        plaza
        (version, id) 
    values
        (?, default)
Hibernate: 
    insert 
    into
        plaza
        (version, id) 
    values
        (?, default)
2025-08-10T13:59:12.783-04:00 DEBUG 8624 --- [proy014] [           main] org.hibernate.SQL                        : 
    insert 
    into
        plaza
        (version, id) 
    values
        (?, default)
Hibernate: 
    insert 
    into
        plaza
        (version, id) 
    values
        (?, default)
2025-08-10T13:59:12.786-04:00 DEBUG 8624 --- [proy014] [           main] org.hibernate.SQL                        : 
    insert 
    into
        plaza
        (version, id) 
    values
        (?, default)
Hibernate: 
    insert 
    into
        plaza
        (version, id) 
    values
        (?, default)
2025-08-10T13:59:12.788-04:00 DEBUG 8624 --- [proy014] [           main] org.hibernate.SQL                        : 
    insert 
    into
        plaza
        (version, id) 
    values
        (?, default)
Hibernate: 
    insert 
    into
        plaza
        (version, id) 
    values
        (?, default)
2025-08-10T13:59:12.791-04:00 DEBUG 8624 --- [proy014] [           main] org.hibernate.SQL                        : 
    insert 
    into
        plaza
        (version, id) 
    values
        (?, default)
Hibernate: 
    insert 
    into
        plaza
        (version, id) 
    values
        (?, default)
2025-08-10T13:59:12.793-04:00 DEBUG 8624 --- [proy014] [           main] org.hibernate.SQL                        : 
    insert 
    into
        plaza
        (version, id) 
    values
        (?, default)
Hibernate: 
    insert 
    into
        plaza
        (version, id) 
    values
        (?, default)
2025-08-10T13:59:12.795-04:00 DEBUG 8624 --- [proy014] [           main] org.hibernate.SQL                        : 
    insert 
    into
        plaza
        (version, id) 
    values
        (?, default)
Hibernate: 
    insert 
    into
        plaza
        (version, id) 
    values
        (?, default)
2025-08-10T13:59:12.797-04:00 DEBUG 8624 --- [proy014] [           main] org.hibernate.SQL                        : 
    insert 
    into
        plaza
        (version, id) 
    values
        (?, default)
Hibernate: 
    insert 
    into
        plaza
        (version, id) 
    values
        (?, default)
2025-08-10T13:59:12.800-04:00 DEBUG 8624 --- [proy014] [           main] org.hibernate.SQL                        : 
    insert 
    into
        plaza
        (version, id) 
    values
        (?, default)
Hibernate: 
    insert 
    into
        plaza
        (version, id) 
    values
        (?, default)
]]></system-out>
  </testcase>
</testsuite>